MPASM  5.51                          LAB5.ASM   12-22-2020  11:12:51         PAGE  1


LOC  OBJECT CODE     LINE SOURCE TEXT
  VALUE

                      00001 #include <p16f84.inc>
                      00001         LIST
                      00002 
                      00003 ;==========================================================================
                      00004 ;  MPASM PIC16F84 processor include
                      00005 ; 
                      00006 ;  (c) Copyright 1999-2013 Microchip Technology, All rights reserved
                      00007 ;==========================================================================
                      00008 
                      00206         LIST
                      00002 
  0000005D            00003 M equ .93
  00000019            00004 A equ .25
                      00005 
0000                  00006         ORG 0
0000   2003           00007         call proc1      ; Явний виклик першої функції
0001   214B           00008         call proc3      ; Явний виклик третьої функції
0002   2955           00009         goto finish
0003                  00010 proc1:
0003   305D           00011         movlw M
0004   0099           00012         movwf A
0005   30DD           00013         movlw 0xDD 
0006   0082           00014         movwf PCL       ; Занесення адреси другої функції для її виконання
0007   0008           00015         return
Warning[205]: Found directive in column 1. (org)
00DD                  00016 org 0xDD        ; Розміщення другої функції за адресою 0xDD
00DD   3000           00017         movlw   0
Warning[224]: Use of this instruction is not recommended.
00DE   0065           00018         tris    PORTA
00DF   30FF           00019         movlw   0xFF
Warning[224]: Use of this instruction is not recommended.
00E0   0066           00020         tris    PORTB
                      00021 ;основна програма
00E1   0806           00022         movf    PORTB, 0
00E2   0099           00023         movwf   A
00E3   0085           00024         movwf   PORTA
00E4   0E19           00025         swapf   A, 0
00E5   0085           00026         movwf   PORTA
00E6   0008           00027     return
Warning[205]: Found directive in column 1. (org)
014B                  00028 org 0x14B
014B                  00029 proc3:
014B   3037           00030         movlw b'00110111'
Warning[224]: Use of this instruction is not recommended.
014C   0062           00031         option
014D   1286           00032 Loop    bcf PORTB, 5
014E   110B           00033         bcf INTCON, T0IF
014F   30F6           00034         movlw .246
0150   0081           00035         movwf TMR0
0151   1D0B           00036 m1      btfss INTCON, T0IF
0152   2951           00037         goto m1
0153   1686           00038         bsf PORTB, 5
0154   0008           00039         return
MPASM  5.51                          LAB5.ASM   12-22-2020  11:12:51         PAGE  2


LOC  OBJECT CODE     LINE SOURCE TEXT
  VALUE

0155                  00040 finish
0155   1086           00041         bcf PORTB, 1
Warning[205]: Found directive in column 1. (END)
                      00042 END
MPASM  5.51                          LAB5.ASM   12-22-2020  11:12:51         PAGE  3


SYMBOL TABLE
  LABEL                             VALUE 

A                                 00000019
C                                 00000000
DC                                00000001
EEADR                             00000009
EECON1                            00000088
EECON2                            00000089
EEDATA                            00000008
EEIE                              00000006
EEIF                              00000004
F                                 00000001
FSR                               00000004
GIE                               00000007
INDF                              00000000
INTCON                            0000000B
INTE                              00000004
INTEDG                            00000006
INTF                              00000001
IRP                               00000007
Loop                              0000014D
M                                 0000005D
NOT_PD                            00000003
NOT_RBPU                          00000007
NOT_TO                            00000004
OPTION_REG                        00000081
PCL                               00000002
PCLATH                            0000000A
PORTA                             00000005
PORTB                             00000006
PS0                               00000000
PS1                               00000001
PS2                               00000002
PSA                               00000003
RA0                               00000000
RA1                               00000001
RA2                               00000002
RA3                               00000003
RA4                               00000004
RB0                               00000000
RB1                               00000001
RB2                               00000002
RB3                               00000003
RB4                               00000004
RB5                               00000005
RB6                               00000006
RB7                               00000007
RBIE                              00000003
RBIF                              00000000
RD                                00000000
RP0                               00000005
RP1                               00000006
STATUS                            00000003
T0CS                              00000005
T0IE                              00000005
MPASM  5.51                          LAB5.ASM   12-22-2020  11:12:51         PAGE  4


SYMBOL TABLE
  LABEL                             VALUE 

T0IF                              00000002
T0SE                              00000004
TMR0                              00000001
TMR0IE                            00000005
TMR0IF                            00000002
TRISA                             00000085
TRISA0                            00000000
TRISA1                            00000001
TRISA2                            00000002
TRISA3                            00000003
TRISA4                            00000004
TRISB                             00000086
TRISB0                            00000000
TRISB1                            00000001
TRISB2                            00000002
TRISB3                            00000003
TRISB4                            00000004
TRISB5                            00000005
TRISB6                            00000006
TRISB7                            00000007
W                                 00000000
WR                                00000001
WREN                              00000002
WRERR                             00000003
Z                                 00000002
_CONFIG                           00002007
_CP_OFF                           00003FFF
_CP_ON                            0000000F
_FOSC_EXTRC                       00003FFF
_FOSC_HS                          00003FFE
_FOSC_LP                          00003FFC
_FOSC_XT                          00003FFD
_HS_OSC                           00003FFE
_IDLOC0                           00002000
_IDLOC1                           00002001
_IDLOC2                           00002002
_IDLOC3                           00002003
_LP_OSC                           00003FFC
_PWRTE_OFF                        00003FFF
_PWRTE_ON                         00003FF7
_RC_OSC                           00003FFF
_WDTE_OFF                         00003FFB
_WDTE_ON                          00003FFF
_WDT_OFF                          00003FFB
_WDT_ON                           00003FFF
_XT_OSC                           00003FFD
__16F84                           00000001
finish                            00000155
m1                                00000151
proc1                             00000003
proc3                             0000014B
MPASM  5.51                          LAB5.ASM   12-22-2020  11:12:51         PAGE  5


MEMORY USAGE MAP ('X' = Used,  '-' = Unused)


0000 : XXXXXXXX-------- ---------------- ---------------- ----------------
00C0 : ---------------- -------------XXX XXXXXXX--------- ----------------
0140 : -----------XXXXX XXXXXX---------- ---------------- ----------------

All other memory blocks unused.

Program Memory Words Used:    29
Program Memory Words Free:   995


Errors   :     0
Warnings :     6 reported,     0 suppressed
Messages :     0 reported,     0 suppressed

